[INFO][2017-08-04 23:15:03,689][org.springframework.test.context.support.DefaultTestContextBootstrapper]Loaded default TestExecutionListener class names from location [META-INF/spring.factories]: [org.springframework.test.context.web.ServletTestExecutionListener, org.springframework.test.context.support.DirtiesContextBeforeModesTestExecutionListener, org.springframework.test.context.support.DependencyInjectionTestExecutionListener, org.springframework.test.context.support.DirtiesContextTestExecutionListener, org.springframework.test.context.transaction.TransactionalTestExecutionListener, org.springframework.test.context.jdbc.SqlScriptsTestExecutionListener]
[INFO][2017-08-04 23:15:03,706][org.springframework.test.context.support.DefaultTestContextBootstrapper]Using TestExecutionListeners: [org.springframework.test.context.web.ServletTestExecutionListener@cb644e, org.springframework.test.context.support.DirtiesContextBeforeModesTestExecutionListener@13805618, org.springframework.test.context.support.DependencyInjectionTestExecutionListener@56ef9176, org.springframework.test.context.support.DirtiesContextTestExecutionListener@4566e5bd, org.springframework.test.context.transaction.TransactionalTestExecutionListener@1ed4004b, org.springframework.test.context.jdbc.SqlScriptsTestExecutionListener@ff5b51f]
[INFO][2017-08-04 23:15:03,816][org.springframework.beans.factory.xml.XmlBeanDefinitionReader]Loading XML bean definitions from class path resource [spring.xml]
[INFO][2017-08-04 23:15:03,997][org.springframework.beans.factory.xml.XmlBeanDefinitionReader]Loading XML bean definitions from class path resource [spring-hibernate.xml]
[INFO][2017-08-04 23:15:04,064][org.springframework.context.support.GenericApplicationContext]Refreshing org.springframework.context.support.GenericApplicationContext@50b494a6: startup date [Fri Aug 04 23:15:04 CST 2017]; root of context hierarchy
[INFO][2017-08-04 23:15:04,186][org.springframework.beans.factory.config.PropertyPlaceholderConfigurer]Loading properties file from class path resource [config.properties]
[ERROR][2017-08-04 23:15:04,350][com.alibaba.druid.pool.DruidAbstractDataSource]maxIdle is deprecated
[INFO][2017-08-04 23:15:04,422][com.alibaba.druid.pool.DruidDataSource]{dataSource-1} inited
[INFO][2017-08-04 23:15:04,787][org.hibernate.annotations.common.Version]HCANN000001: Hibernate Commons Annotations {4.0.4.Final}
[INFO][2017-08-04 23:15:04,792][org.hibernate.Version]HHH000412: Hibernate Core {4.3.5.Final}
[INFO][2017-08-04 23:15:04,793][org.hibernate.cfg.Environment]HHH000206: hibernate.properties not found
[INFO][2017-08-04 23:15:04,795][org.hibernate.cfg.Environment]HHH000021: Bytecode provider name : javassist
[INFO][2017-08-04 23:15:05,155][org.hibernate.dialect.Dialect]HHH000400: Using dialect: org.hibernate.dialect.MySQLDialect
[INFO][2017-08-04 23:15:05,252][org.hibernate.engine.transaction.internal.TransactionFactoryInitiator]HHH000399: Using default transaction strategy (direct JDBC transactions)
[INFO][2017-08-04 23:15:05,252][org.hibernate.hql.internal.ast.ASTQueryTranslatorFactory]HHH000397: Using ASTQueryTranslatorFactory
[INFO][2017-08-04 23:15:05,752][org.hibernate.tool.hbm2ddl.SchemaUpdate]HHH000228: Running hbm2ddl schema update
[INFO][2017-08-04 23:15:05,752][org.hibernate.tool.hbm2ddl.SchemaUpdate]HHH000102: Fetching database metadata
[INFO][2017-08-04 23:15:05,752][org.hibernate.tool.hbm2ddl.SchemaUpdate]HHH000396: Updating schema
[INFO][2017-08-04 23:15:05,767][org.hibernate.tool.hbm2ddl.TableMetadata]HHH000261: Table found: training_test01.user
[INFO][2017-08-04 23:15:05,767][org.hibernate.tool.hbm2ddl.TableMetadata]HHH000037: Columns: [password, id, username]
[INFO][2017-08-04 23:15:05,767][org.hibernate.tool.hbm2ddl.TableMetadata]HHH000108: Foreign keys: []
[INFO][2017-08-04 23:15:05,767][org.hibernate.tool.hbm2ddl.TableMetadata]HHH000126: Indexes: [primary]
[INFO][2017-08-04 23:15:05,767][org.hibernate.tool.hbm2ddl.SchemaUpdate]HHH000232: Schema update complete
[INFO][2017-08-04 23:15:05,843][org.springframework.orm.hibernate4.HibernateTransactionManager]Using DataSource [{
	CreateTime:"2017-08-04 23:15:04",
	ActiveCount:0,
	PoolingCount:1,
	CreateCount:1,
	DestroyCount:0,
	CloseCount:2,
	ConnectCount:2,
	Connections:[
		{ID:612716569, ConnectTime:"2017-08-04 23:15:05", UseCount:2, LastActiveTime:"2017-08-04 23:15:05"}
	]
}] of Hibernate SessionFactory for HibernateTransactionManager
[INFO][2017-08-04 23:15:06,377][org.springframework.context.support.GenericApplicationContext]Closing org.springframework.context.support.GenericApplicationContext@50b494a6: startup date [Fri Aug 04 23:15:04 CST 2017]; root of context hierarchy
[INFO][2017-08-04 23:15:06,389][com.alibaba.druid.pool.DruidDataSource]{dataSource-1} closed
